0 info it worked if it ends with ok
1 verbose cli [ '/usr/bin/nodejs', '/usr/bin/npm', 'run', 'bundle' ]
2 info using npm@3.10.10
3 info using node@v6.11.1
4 verbose run-script [ 'prebundle', 'bundle', 'postbundle' ]
5 info lifecycle onelife@1.0.0~prebundle: onelife@1.0.0
6 silly lifecycle onelife@1.0.0~prebundle: no script for prebundle, continuing
7 info lifecycle onelife@1.0.0~bundle: onelife@1.0.0
8 verbose lifecycle onelife@1.0.0~bundle: unsafe-perm in lifecycle true
9 verbose lifecycle onelife@1.0.0~bundle: PATH: /usr/lib/node_modules/npm/bin/node-gyp-bin:/home/arys/Desktop/onelife/node_modules/.bin:/home/arys/bin:/home/arys/.local/bin:/usr/local/sbin:/usr/local/bin:/usr/sbin:/usr/bin:/sbin:/bin:/usr/games:/usr/local/games:/snap/bin
10 verbose lifecycle onelife@1.0.0~bundle: CWD: /home/arys/Desktop/onelife
11 silly lifecycle onelife@1.0.0~bundle: Args: [ '-c', 'webpack' ]
12 silly lifecycle onelife@1.0.0~bundle: Returned: code: 143  signal: null
13 info lifecycle onelife@1.0.0~bundle: Failed to exec bundle script
14 verbose stack Error: onelife@1.0.0 bundle: `webpack`
14 verbose stack Exit status 143
14 verbose stack     at EventEmitter.<anonymous> (/usr/lib/node_modules/npm/lib/utils/lifecycle.js:255:16)
14 verbose stack     at emitTwo (events.js:106:13)
14 verbose stack     at EventEmitter.emit (events.js:191:7)
14 verbose stack     at ChildProcess.<anonymous> (/usr/lib/node_modules/npm/lib/utils/spawn.js:40:14)
14 verbose stack     at emitTwo (events.js:106:13)
14 verbose stack     at ChildProcess.emit (events.js:191:7)
14 verbose stack     at maybeClose (internal/child_process.js:891:16)
14 verbose stack     at Process.ChildProcess._handle.onexit (internal/child_process.js:226:5)
15 verbose pkgid onelife@1.0.0
16 verbose cwd /home/arys/Desktop/onelife
17 error Linux 4.10.0-32-generic
18 error argv "/usr/bin/nodejs" "/usr/bin/npm" "run" "bundle"
19 error node v6.11.1
20 error npm  v3.10.10
21 error code ELIFECYCLE
22 error onelife@1.0.0 bundle: `webpack`
22 error Exit status 143
23 error Failed at the onelife@1.0.0 bundle script 'webpack'.
23 error Make sure you have the latest version of node.js and npm installed.
23 error If you do, this is most likely a problem with the onelife package,
23 error not with npm itself.
23 error Tell the author that this fails on your system:
23 error     webpack
23 error You can get information on how to open an issue for this project with:
23 error     npm bugs onelife
23 error Or if that isn't available, you can get their info via:
23 error     npm owner ls onelife
23 error There is likely additional logging output above.
24 verbose exit [ 1, true ]
